<?xml version="1.0" encoding="UTF-8"?>
<beans xmlns="http://www.springframework.org/schema/beans"
       xmlns:xsi="http://www.w3.org/2001/XMLSchema-instance"
       xsi:schemaLocation="http://www.springframework.org/schema/beans
        http://www.springframework.org/schema/beans/spring-beans.xsd">

    <bean class="hillel.jee.bookstore.beans.BookStore" scope="prototype"/>

    <bean id="authorShelfOfWorks" class="hillel.jee.bookstore.beans.AuthorShelfOfWorks" scope="prototype">
        <constructor-arg ref="authorName"/>
    </bean>

    <bean class="hillel.jee.bookstore.beans.Book" scope="prototype">
        <constructor-arg ref="author"/>
        <constructor-arg ref="bookName"/>
    </bean>

    <bean class="hillel.jee.bookstore.beans.Magazine" scope="prototype">
        <constructor-arg ref="magazineName"/>
        <constructor-arg ref="editionNumber"/>
    </bean>

</beans>